[2026-04-10 17:30:18] Using adb /opt/homebrew/bin/adb.
[2026-04-10 17:30:18] Using device 4f2094d1. Package: com.alibaba.android.rimet
[2026-04-10 17:30:18] Schedule windows: 09:05-09:10 and 18:05-18:15. Press Ctrl+C to stop.
[2026-04-10 17:30:18] Next evening run scheduled at 2026-04-10 18:07:31.
[2026-04-10 17:45:01] Next morning run scheduled at 2026-04-11 09:06:29.
[2026-04-10 17:45:01] Next evening run scheduled at 2026-04-10 18:11:18.
[2026-04-10 17:45:01] Using adb /opt/homebrew/bin/adb.
[2026-04-10 17:45:01] Using scrcpy /opt/homebrew/bin/scrcpy.
[2026-04-10 17:45:01] Using device 4f2094d1. Package: com.alibaba.android.rimet
[2026-04-10 17:45:01] Schedule windows: 09:05-09:10 and 18:05-18:15.
[2026-04-10 17:45:01] scrcpy reconnect watch: enabled. Poll interval: 5s.
[2026-04-10 17:45:01] Press Ctrl+C to stop.
[2026-04-10 17:45:01] Device 4f2094d1 is now online.
[2026-04-10 17:47:53] Next morning run scheduled at 2026-04-11 09:07:17.
[2026-04-10 17:47:53] Next evening run scheduled at 2026-04-10 18:14:55.
[2026-04-10 17:47:53] Using adb /opt/homebrew/bin/adb.
[2026-04-10 17:47:53] Using scrcpy /opt/homebrew/bin/scrcpy.
[2026-04-10 17:47:53] Using device 4f2094d1. Package: com.alibaba.android.rimet
[2026-04-10 17:47:53] Schedule windows: 09:05-09:10 and 18:05-18:15.
[2026-04-10 17:47:53] scrcpy reconnect watch: enabled. Poll interval: 5s.
[2026-04-10 17:47:53] Press Ctrl+C to stop.
[2026-04-10 17:47:53] Device 4f2094d1 state: usb-connected and authorized.
[2026-04-10 17:50:28] Next morning run scheduled at 2026-04-11 09:08:20.
[2026-04-10 17:50:28] Next evening run scheduled at 2026-04-10 18:07:28.
[2026-04-10 17:50:28] Using adb /opt/homebrew/bin/adb.
[2026-04-10 17:50:28] Using scrcpy /opt/homebrew/bin/scrcpy.
[2026-04-10 17:50:28] Using device 4f2094d1. Package: com.alibaba.android.rimet
[2026-04-10 17:50:28] Schedule windows: 09:05-09:10 and 18:05-18:15.
[2026-04-10 17:50:28] scrcpy reconnect watch: enabled. Poll interval: 5s.
[2026-04-10 17:50:28] Press Ctrl+C to stop.
[2026-04-10 17:50:28] Device 4f2094d1 state: usb-connected and authorized.
[2026-04-10 17:50:28] Launched scrcpy for device 4f2094d1.
[2026-04-10 17:50:43] Launched scrcpy for device 4f2094d1.
[2026-04-10 17:51:50] Next morning run scheduled at 2026-04-11 09:08:05.
[2026-04-10 17:51:50] Next evening run scheduled at 2026-04-10 18:11:06.
[2026-04-10 17:51:50] Using adb /opt/homebrew/bin/adb.
[2026-04-10 17:51:50] Using scrcpy /opt/homebrew/bin/scrcpy.
[2026-04-10 17:51:50] Using device 4f2094d1. Package: com.alibaba.android.rimet
[2026-04-10 17:51:50] Schedule windows: 09:05-09:10 and 18:05-18:15.
[2026-04-10 17:51:50] scrcpy reconnect watch: enabled. Poll interval: 5s.
[2026-04-10 17:51:50] Press Ctrl+C to stop.
[2026-04-10 17:51:50] Device 4f2094d1 state: usb-connected and authorized.
[2026-04-10 17:52:36] Launched scrcpy for device 4f2094d1.
scrcpy 3.3.4 <https://github.com/Genymobile/scrcpy>
[2026-04-10 17:52:52] Launched scrcpy for device 4f2094d1.
scrcpy 3.3.4 <https://github.com/Genymobile/scrcpy>
[2026-04-10 17:53:07] Launched scrcpy for device 4f2094d1.
scrcpy 3.3.4 <https://github.com/Genymobile/scrcpy>
[2026-04-10 17:53:23] Launched scrcpy for device 4f2094d1.
scrcpy 3.3.4 <https://github.com/Genymobile/scrcpy>
[2026-04-10 17:53:30] Next morning run scheduled at 2026-04-11 09:09:06.
[2026-04-10 17:53:30] Next evening run scheduled at 2026-04-10 18:11:34.
[2026-04-10 17:53:30] Using adb /opt/homebrew/bin/adb.
[2026-04-10 17:53:30] Using scrcpy /opt/homebrew/bin/scrcpy.
[2026-04-10 17:53:30] Using device 4f2094d1. Package: com.alibaba.android.rimet
[2026-04-10 17:53:30] Schedule windows: 09:05-09:10 and 18:05-18:15.
[2026-04-10 17:53:30] scrcpy reconnect watch: enabled. Poll interval: 5s.
[2026-04-10 17:53:30] Press Ctrl+C to stop.
[2026-04-10 17:53:30] Device 4f2094d1 state: usb-connected and authorized.
[2026-04-10 17:53:30] Launched scrcpy for device 4f2094d1.
[server] INFO: Device: [Xiaomi] Xiaomi 24018RPACC (Android 16)
scrcpy 3.3.4 <https://github.com/Genymobile/scrcpy>
INFO: ADB device found:
INFO:     -->   (usb)  4f2094d1                        device  24018RPACC
INFO: Renderer: metal
INFO: Texture: 3048x2032
[2026-04-10 17:54:06] Launched scrcpy for device 4f2094d1.
[server] INFO: Device: [Xiaomi] Xiaomi 24018RPACC (Android 16)
scrcpy 3.3.4 <https://github.com/Genymobile/scrcpy>
INFO: ADB device found:
INFO:     -->   (usb)  4f2094d1                        device  24018RPACC
INFO: Renderer: metal
INFO: Texture: 3048x2032
[2026-04-10 17:55:39] Launched scrcpy for device 4f2094d1.
[server] INFO: Device: [Xiaomi] Xiaomi 24018RPACC (Android 16)
scrcpy 3.3.4 <https://github.com/Genymobile/scrcpy>
INFO: ADB device found:
INFO:     -->   (usb)  4f2094d1                        device  24018RPACC
INFO: Renderer: metal
INFO: Texture: 3048x2032
INFO: Texture: 2032x3048
INFO: Texture: 3048x2032
[2026-04-10 17:57:01] Launched scrcpy for device 4f2094d1.
[server] INFO: Device: [Xiaomi] Xiaomi 24018RPACC (Android 16)
[2026-04-10 18:11:37] Executing evening action scheduled for 2026-04-10 18:11:34.
[2026-04-10 18:11:38] Launched com.alibaba.android.rimet on device 4f2094d1.
[2026-04-10 18:11:38] Waiting 5 seconds before stopping com.alibaba.android.rimet.
[2026-04-10 18:11:43] Force-stopped com.alibaba.android.rimet on device 4f2094d1.
[2026-04-10 18:11:43] Rescheduled evening action to 2026-04-11 18:11:20.
[2026-04-10 18:22:36] Next morning run scheduled at 2026-04-11 09:08:30.
[2026-04-10 18:22:36] Next evening run scheduled at 2026-04-11 18:06:51.
[2026-04-10 18:22:36] Using adb /opt/homebrew/bin/adb.
[2026-04-10 18:22:36] Using scrcpy /opt/homebrew/bin/scrcpy.
[2026-04-10 18:22:36] Using device 4f2094d1. Package: com.alibaba.android.rimet. App label: 钉钉
[2026-04-10 18:22:36] Schedule windows: 09:05-09:10 and 18:05-18:15.
[2026-04-10 18:22:36] scrcpy reconnect watch: enabled. Poll interval: 5s.
[2026-04-10 18:22:36] Press Ctrl+C to stop.
[2026-04-10 18:22:36] Device 4f2094d1 state: usb-connected and authorized.
scrcpy 3.3.4 <https://github.com/Genymobile/scrcpy>
INFO: ADB device found:
INFO:     -->   (usb)  4f2094d1                        device  24018RPACC
INFO: Renderer: metal
INFO: Texture: 3048x2032
INFO: Texture: 2032x3048
INFO: Texture: 3048x2032
[2026-04-10 18:23:07] Launched scrcpy for device 4f2094d1.
[server] INFO: Device: [Xiaomi] Xiaomi 24018RPACC (Android 16)
[2026-04-10 18:25:01] Next morning run scheduled at 2026-04-11 09:06:31.
[2026-04-10 18:25:01] Next evening run scheduled at 2026-04-11 18:10:59.
[2026-04-10 18:25:01] Using adb /opt/homebrew/bin/adb.
[2026-04-10 18:25:01] Using scrcpy /opt/homebrew/bin/scrcpy.
[2026-04-10 18:25:01] Using device 4f2094d1. Package: com.alibaba.android.rimet. App label: 钉钉
[2026-04-10 18:25:01] Schedule windows: 09:05-09:10 and 18:05-18:15.
[2026-04-10 18:25:01] scrcpy reconnect watch: enabled. Poll interval: 5s.
[2026-04-10 18:25:01] Press Ctrl+C to stop.
[2026-04-10 18:25:01] Device 4f2094d1 state: usb-connected and authorized.
scrcpy 3.3.4 <https://github.com/Genymobile/scrcpy>
INFO: ADB device found:
INFO:     -->   (usb)  4f2094d1                        device  24018RPACC
INFO: Renderer: metal
INFO: Texture: 3048x2032
[2026-04-10 18:27:36] Launched scrcpy for device 4f2094d1.
[server] INFO: Device: [Xiaomi] Xiaomi 24018RPACC (Android 16)
